[10:21:47] [ServerMain/INFO]: Building unoptimized datafixer
[10:21:48] [ServerMain/INFO]: Environment: authHost='https://authserver.mojang.com', accountsHost='https://api.mojang.com', sessionHost='https://sessionserver.mojang.com', servicesHost='https://api.minecraftservices.com', name='PROD'
[10:21:50] [ServerMain/INFO]: Loaded 7 recipes
[10:21:50] [ServerMain/INFO]: Loaded 1179 advancements
[10:21:51] [Server thread/INFO]: Starting minecraft server version 1.19
[10:21:51] [Server thread/INFO]: Loading properties
[10:21:51] [Server thread/INFO]: Default game type: SURVIVAL
[10:21:51] [Server thread/INFO]: Generating keypair
[10:21:51] [Server thread/INFO]: Starting Minecraft server on *:25565
[10:21:51] [Server thread/INFO]: Using default channel type
[10:21:52] [Server thread/WARN]: **** SERVER IS RUNNING IN OFFLINE/INSECURE MODE!
[10:21:52] [Server thread/WARN]: The server will make no attempt to authenticate usernames. Beware.
[10:21:52] [Server thread/WARN]: While this makes the game possible to play without internet access, it also opens up the ability for hackers to connect with any username they choose.
[10:21:52] [Server thread/WARN]: To change this, set "online-mode" to "true" in the server.properties file.
[10:21:52] [Server thread/INFO]: Preparing level "world"
[10:21:52] [Server thread/INFO]: Preparing start region for dimension minecraft:overworld
[10:21:55] [Worker-Main-1/INFO]: Preparing spawn area: 0%
[10:21:55] [Worker-Main-1/INFO]: Preparing spawn area: 0%
[10:21:55] [Worker-Main-9/INFO]: Preparing spawn area: 0%
[10:21:55] [Worker-Main-7/INFO]: Preparing spawn area: 0%
[10:21:55] [Worker-Main-4/INFO]: Preparing spawn area: 0%
[10:21:55] [Worker-Main-2/INFO]: Preparing spawn area: 0%
[10:21:55] [Worker-Main-7/INFO]: Preparing spawn area: 0%
[10:21:55] [Worker-Main-2/INFO]: Preparing spawn area: 3%
[10:21:56] [Worker-Main-6/INFO]: Preparing spawn area: 47%
[10:21:56] [Server thread/INFO]: Time elapsed: 4278 ms
[10:21:56] [Server thread/INFO]: Done (4.512s)! For help, type "help"
[10:34:46] [Server thread/WARN]: Can't keep up! Is the server overloaded? Running 381649ms or 7632 ticks behind
[10:39:08] [Server thread/INFO]: Unknown or incomplete command, see below for error
[10:39:08] [Server thread/INFO]: exit<--[HERE]
[10:39:10] [Server thread/INFO]: Stopping the server
[10:39:10] [Server thread/INFO]: Stopping server
[10:39:10] [Server thread/INFO]: Saving players
[10:39:10] [Server thread/INFO]: Saving worlds
[10:39:11] [Server thread/INFO]: Saving chunks for level 'ServerLevel[world]'/minecraft:overworld
[10:39:11] [Server thread/INFO]: Saving chunks for level 'ServerLevel[world]'/minecraft:the_nether
[10:39:11] [Server thread/INFO]: Saving chunks for level 'ServerLevel[world]'/minecraft:the_end
[10:39:11] [Server thread/INFO]: ThreadedAnvilChunkStorage (world): All chunks are saved
[10:39:11] [Server thread/INFO]: ThreadedAnvilChunkStorage (DIM-1): All chunks are saved
[10:39:11] [Server thread/INFO]: ThreadedAnvilChunkStorage (DIM1): All chunks are saved
[10:39:11] [Server thread/INFO]: ThreadedAnvilChunkStorage: All dimensions are saved
